{
  "stats": {
    "suites": 1,
    "tests": 1,
    "passes": 0,
    "pending": 0,
    "failures": 1,
    "start": "2022-04-12T09:19:49.898Z",
    "end": "2022-04-12T09:19:50.167Z",
    "duration": 269,
    "testsRegistered": 2,
    "passPercent": 0,
    "pendingPercent": 0,
    "other": 0,
    "hasOther": false,
    "skipped": 1,
    "hasSkipped": true
  },
  "results": [
    {
      "uuid": "ceb016da-3932-441a-b674-4a8608535f41",
      "title": "",
      "fullFile": "cypress/integration/login/test_login_succes.spec.js",
      "file": "cypress/integration/login/test_login_succes.spec.js",
      "beforeHooks": [],
      "afterHooks": [],
      "tests": [],
      "suites": [
        {
          "uuid": "a891ac6c-a0fb-4630-9bee-ae8dca3f2434",
          "title": "Un utilisateur veut se connecter avec son mail et son mot de passe",
          "fullFile": "",
          "file": "",
          "beforeHooks": [],
          "afterHooks": [],
          "tests": [
            {
              "title": "il remplit le champ mail et mot de passe correctement",
              "fullTitle": "Un utilisateur veut se connecter avec son mail et son mot de passe il remplit le champ mail et mot de passe correctement",
              "timedOut": null,
              "duration": 227,
              "state": "failed",
              "speed": null,
              "pass": false,
              "fail": true,
              "pending": false,
              "context": null,
              "code": "cy.get(\"#signin-email\").type('grainsurlaplage@gmail.com');\ncy.get(\"#signin-password\").type('Plopplop0');\ncy.get('[data-qa=\"signin-submit-button\"]').click();\ncy.url().should('contain', '/dashboard/orders');",
              "err": {
                "message": "CypressError: `cy.visit()` failed trying to load:\n\nhttps://preprod.backmarket.fr/register\n\nThe response we received from your web server was:\n\n  > 429: Too Many Requests\n\nThis was considered a failure because the status code was not `2xx`.\n\nIf you do not want status codes to cause failures pass the option: `failOnStatusCode: false`\n\nBecause this error occurred during a `before each` hook we are skipping all of the remaining tests.",
                "estack": "CypressError: `cy.visit()` failed trying to load:\n\nhttps://preprod.backmarket.fr/register\n\nThe response we received from your web server was:\n\n  > 429: Too Many Requests\n\nThis was considered a failure because the status code was not `2xx`.\n\nIf you do not want status codes to cause failures pass the option: `failOnStatusCode: false`\n\nBecause this error occurred during a `before each` hook we are skipping all of the remaining tests.\n    at https://tastedive.com/__cypress/runner/cypress_runner.js:159309:84\n    at visitFailedByErr (https://tastedive.com/__cypress/runner/cypress_runner.js:158675:12)\n    at https://tastedive.com/__cypress/runner/cypress_runner.js:159289:13\n    at tryCatcher (https://tastedive.com/__cypress/runner/cypress_runner.js:13022:23)\n    at Promise._settlePromiseFromHandler (https://tastedive.com/__cypress/runner/cypress_runner.js:10957:31)\n    at Promise._settlePromise (https://tastedive.com/__cypress/runner/cypress_runner.js:11014:18)\n    at Promise._settlePromise0 (https://tastedive.com/__cypress/runner/cypress_runner.js:11059:10)\n    at Promise._settlePromises (https://tastedive.com/__cypress/runner/cypress_runner.js:11135:18)\n    at _drainQueueStep (https://tastedive.com/__cypress/runner/cypress_runner.js:7729:12)\n    at _drainQueue (https://tastedive.com/__cypress/runner/cypress_runner.js:7722:9)\n    at Async.../../node_modules/bluebird/js/release/async.js.Async._drainQueues (https://tastedive.com/__cypress/runner/cypress_runner.js:7738:5)\n    at Async.drainQueues (https://tastedive.com/__cypress/runner/cypress_runner.js:7608:14)\nFrom Your Spec Code:\n    at Context.eval (https://tastedive.com/__cypress/tests?p=cypress\\integration\\login\\test_login_succes.spec.js:101:6)",
                "diff": null
              },
              "uuid": "5865c25a-50cd-4f61-89b3-18dd3ff1df5d",
              "parentUUID": "a891ac6c-a0fb-4630-9bee-ae8dca3f2434",
              "isHook": false,
              "skipped": false
            }
          ],
          "suites": [],
          "passes": [],
          "failures": [
            "5865c25a-50cd-4f61-89b3-18dd3ff1df5d"
          ],
          "pending": [],
          "skipped": [],
          "duration": 227,
          "root": false,
          "rootEmpty": false,
          "_timeout": 2000
        },
        {
          "uuid": "a5a45420-b2ea-4b77-84f0-7fc209eb831d",
          "title": "Un utilisateur veut se connecter avec un mot de passe incorrect",
          "fullFile": "",
          "file": "",
          "beforeHooks": [],
          "afterHooks": [],
          "tests": [
            {
              "title": "il remplit le champ mail correctement",
              "fullTitle": "Un utilisateur veut se connecter avec un mot de passe incorrect il remplit le champ mail correctement",
              "timedOut": null,
              "duration": 0,
              "state": "skipped",
              "speed": null,
              "pass": false,
              "fail": false,
              "pending": false,
              "context": null,
              "code": "cy.get(\"#signin-email\").type('grainsurlaplage@gmail.com');\ncy.get(\"#signin-email\").should('include.value', 'grainsurlaplage@gmail.com');\ncy.get(\"#signin-password\").type('mauvaisMotDePasse');\ncy.get(\"#signin-password\").should('include.value', 'mauvaisMotDePasse');\ncy.get('[data-qa=\"signin-submit-button\"]').click();\ncy.contains(\"Informations d'identification erronées\").should('be.visible');\ncy.url().should('eq', 'https://preprod.backmarket.fr/register');",
              "err": {},
              "uuid": "d72a6019-41e5-414f-afd2-5ebda0aa8ec3",
              "parentUUID": null,
              "isHook": false,
              "skipped": true
            }
          ],
          "suites": [],
          "passes": [],
          "failures": [],
          "pending": [],
          "skipped": [
            "d72a6019-41e5-414f-afd2-5ebda0aa8ec3"
          ],
          "duration": 0,
          "root": false,
          "rootEmpty": false,
          "_timeout": 2000
        }
      ],
      "passes": [],
      "failures": [],
      "pending": [],
      "skipped": [],
      "duration": 0,
      "root": true,
      "rootEmpty": true,
      "_timeout": 2000
    }
  ],
  "meta": {
    "mocha": {
      "version": "7.0.1"
    },
    "mochawesome": {
      "options": {
        "quiet": false,
        "reportFilename": "mochawesome",
        "saveHtml": false,
        "saveJson": true,
        "consoleReporter": "spec",
        "useInlineDiffs": false,
        "code": true
      },
      "version": "7.1.3"
    },
    "marge": {
      "options": {
        "reportDir": "cypress/results",
        "overwrite": false,
        "html": false,
        "json": true
      },
      "version": "6.2.0"
    }
  }
}