{
  "stats": {
    "suites": 1,
    "tests": 1,
    "passes": 1,
    "pending": 0,
    "failures": 0,
    "start": "2022-04-12T09:19:42.484Z",
    "end": "2022-04-12T09:19:47.309Z",
    "duration": 4825,
    "testsRegistered": 1,
    "passPercent": 100,
    "pendingPercent": 0,
    "other": 0,
    "hasOther": false,
    "skipped": 0,
    "hasSkipped": false
  },
  "results": [
    {
      "uuid": "683b66b0-235e-4b33-a628-48b370d17126",
      "title": "",
      "fullFile": "cypress/integration/login/test_login_fail.spec.js",
      "file": "cypress/integration/login/test_login_fail.spec.js",
      "beforeHooks": [],
      "afterHooks": [],
      "tests": [],
      "suites": [
        {
          "uuid": "af277c6e-4a8f-4436-ad7b-55047f929d54",
          "title": "Un utilisateur veut se connecter avec un mot de passe incorrect",
          "fullFile": "",
          "file": "",
          "beforeHooks": [],
          "afterHooks": [],
          "tests": [
            {
              "title": "il remplit le champ mail correctement",
              "fullTitle": "Un utilisateur veut se connecter avec un mot de passe incorrect il remplit le champ mail correctement",
              "timedOut": null,
              "duration": 3781,
              "state": "passed",
              "speed": "fast",
              "pass": true,
              "fail": false,
              "pending": false,
              "context": null,
              "code": "cy.get(\"#signin-email\").type('grainsurlaplage@gmail.com');\ncy.get(\"#signin-email\").should('include.value', 'grainsurlaplage@gmail.com');\ncy.get(\"#signin-password\").type('mauvaisMotDePasse');\ncy.get(\"#signin-password\").should('include.value', 'mauvaisMotDePasse');\ncy.get('[data-qa=\"signin-submit-button\"]').click();\ncy.contains(\"Informations d'identification erronées\").should('be.visible');\ncy.url().should('eq', 'https://preprod.backmarket.fr/register');",
              "err": {},
              "uuid": "5022f1be-15ed-4df6-bb33-c53fbb78e101",
              "parentUUID": "af277c6e-4a8f-4436-ad7b-55047f929d54",
              "isHook": false,
              "skipped": false
            }
          ],
          "suites": [],
          "passes": [
            "5022f1be-15ed-4df6-bb33-c53fbb78e101"
          ],
          "failures": [],
          "pending": [],
          "skipped": [],
          "duration": 3781,
          "root": false,
          "rootEmpty": false,
          "_timeout": 2000
        }
      ],
      "passes": [],
      "failures": [],
      "pending": [],
      "skipped": [],
      "duration": 0,
      "root": true,
      "rootEmpty": true,
      "_timeout": 2000
    }
  ],
  "meta": {
    "mocha": {
      "version": "7.0.1"
    },
    "mochawesome": {
      "options": {
        "quiet": false,
        "reportFilename": "mochawesome",
        "saveHtml": false,
        "saveJson": true,
        "consoleReporter": "spec",
        "useInlineDiffs": false,
        "code": true
      },
      "version": "7.1.3"
    },
    "marge": {
      "options": {
        "reportDir": "cypress/results",
        "overwrite": false,
        "html": false,
        "json": true
      },
      "version": "6.2.0"
    }
  }
}