{
  "stats": {
    "suites": 1,
    "tests": 1,
    "passes": 1,
    "pending": 0,
    "failures": 0,
    "start": "2022-04-12T09:19:34.552Z",
    "end": "2022-04-12T09:19:40.076Z",
    "duration": 5524,
    "testsRegistered": 1,
    "passPercent": 100,
    "pendingPercent": 0,
    "other": 0,
    "hasOther": false,
    "skipped": 0,
    "hasSkipped": false
  },
  "results": [
    {
      "uuid": "5d0148d4-e8c7-496d-821b-71960c00b493",
      "title": "",
      "fullFile": "cypress/integration/creation/test_creation_user_wrong_password.spec.js",
      "file": "cypress/integration/creation/test_creation_user_wrong_password.spec.js",
      "beforeHooks": [],
      "afterHooks": [],
      "tests": [],
      "suites": [
        {
          "uuid": "a2942815-a10e-4cd8-811c-39f17ae21ca7",
          "title": "Un utilisateur veut créer un nouveau compte avec nom prénom mail et mot de passe trop court",
          "fullFile": "",
          "file": "",
          "beforeHooks": [],
          "afterHooks": [],
          "tests": [
            {
              "title": "il remplit le champ nom prenom mail correctement mais pas la forme du mot de passe",
              "fullTitle": "Un utilisateur veut créer un nouveau compte avec nom prénom mail et mot de passe trop court il remplit le champ nom prenom mail correctement mais pas la forme du mot de passe",
              "timedOut": null,
              "duration": 4116,
              "state": "passed",
              "speed": "fast",
              "pass": true,
              "fail": false,
              "pending": false,
              "context": null,
              "code": "cy.get('#firstName').type('jenson');\ncy.get('#lastName').type('wiatt');\ncy.get(\"#signup-email\").type('jenson.wiatt@orperfect.com');\ncy.get(\"#signup-password\").type('123456');\ncy.get('[data-qa=\"signup-submit-button\"]').click();\ncy.contains(\"Au moins 8 caractères, dont 1 majuscule, 1 minuscule et 1 chiffre. Parce qu'on sait jamais.\").should('be.visible');\ncy.url().should('eq', 'https://preprod.backmarket.fr/register');",
              "err": {},
              "uuid": "7c9a0889-b731-43b9-a1dc-f2c792137403",
              "parentUUID": "a2942815-a10e-4cd8-811c-39f17ae21ca7",
              "isHook": false,
              "skipped": false
            }
          ],
          "suites": [],
          "passes": [
            "7c9a0889-b731-43b9-a1dc-f2c792137403"
          ],
          "failures": [],
          "pending": [],
          "skipped": [],
          "duration": 4116,
          "root": false,
          "rootEmpty": false,
          "_timeout": 2000
        }
      ],
      "passes": [],
      "failures": [],
      "pending": [],
      "skipped": [],
      "duration": 0,
      "root": true,
      "rootEmpty": true,
      "_timeout": 2000
    }
  ],
  "meta": {
    "mocha": {
      "version": "7.0.1"
    },
    "mochawesome": {
      "options": {
        "quiet": false,
        "reportFilename": "mochawesome",
        "saveHtml": false,
        "saveJson": true,
        "consoleReporter": "spec",
        "useInlineDiffs": false,
        "code": true
      },
      "version": "7.1.3"
    },
    "marge": {
      "options": {
        "reportDir": "cypress/results",
        "overwrite": false,
        "html": false,
        "json": true
      },
      "version": "6.2.0"
    }
  }
}