{
  "stats": {
    "suites": 1,
    "tests": 1,
    "passes": 0,
    "pending": 0,
    "failures": 1,
    "start": "2022-04-12T09:19:13.365Z",
    "end": "2022-04-12T09:19:23.864Z",
    "duration": 10499,
    "testsRegistered": 1,
    "passPercent": 0,
    "pendingPercent": 0,
    "other": 0,
    "hasOther": false,
    "skipped": 0,
    "hasSkipped": false
  },
  "results": [
    {
      "uuid": "e85bc39c-0d40-404e-a073-a97d1414d7da",
      "title": "",
      "fullFile": "cypress/integration/creation/test_creation_user_pass.spec.js",
      "file": "cypress/integration/creation/test_creation_user_pass.spec.js",
      "beforeHooks": [],
      "afterHooks": [],
      "tests": [],
      "suites": [
        {
          "uuid": "249684cc-a158-465e-8004-ba02d50023f6",
          "title": "Un utilisateur veut créer un nouveau compte avec nom prénom mail et mot de passe corrects",
          "fullFile": "",
          "file": "",
          "beforeHooks": [],
          "afterHooks": [],
          "tests": [
            {
              "title": "il remplit le champ nom prenom mail et mot de passe correctement",
              "fullTitle": "Un utilisateur veut créer un nouveau compte avec nom prénom mail et mot de passe corrects il remplit le champ nom prenom mail et mot de passe correctement",
              "timedOut": null,
              "duration": 8756,
              "state": "failed",
              "speed": null,
              "pass": false,
              "fail": true,
              "pending": false,
              "context": null,
              "code": "cy.get('#firstName').type('jenson');\ncy.get('#lastName').type('wiatt');\ncy.get(\"#signup-email\").type('jenson.wiatt@orperfect.com');\ncy.get(\"#signup-password\").type('Azerty123456');\ncy.get('[data-qa=\"signup-submit-button\"]').click();\ncy.url().should('eq', 'https://preprod.backmarket.fr/dashboard/orders');",
              "err": {
                "message": "AssertionError: Timed out retrying after 4000ms: expected 'https://preprod.backmarket.fr/register' to equal 'https://preprod.backmarket.fr/dashboard/orders'",
                "estack": "AssertionError: Timed out retrying after 4000ms: expected 'https://preprod.backmarket.fr/register' to equal 'https://preprod.backmarket.fr/dashboard/orders'\n    at Context.eval (https://preprod.backmarket.fr/__cypress/tests?p=cypress\\integration\\creation\\test_creation_user_pass.spec.js:111:14)",
                "diff": "- 'https://preprod.backmarket.fr/register'\n+ 'https://preprod.backmarket.fr/dashboard/orders'\n"
              },
              "uuid": "266ea18d-6b4c-4b65-bbde-369366ff3994",
              "parentUUID": "249684cc-a158-465e-8004-ba02d50023f6",
              "isHook": false,
              "skipped": false
            }
          ],
          "suites": [],
          "passes": [],
          "failures": [
            "266ea18d-6b4c-4b65-bbde-369366ff3994"
          ],
          "pending": [],
          "skipped": [],
          "duration": 8756,
          "root": false,
          "rootEmpty": false,
          "_timeout": 2000
        }
      ],
      "passes": [],
      "failures": [],
      "pending": [],
      "skipped": [],
      "duration": 0,
      "root": true,
      "rootEmpty": true,
      "_timeout": 2000
    }
  ],
  "meta": {
    "mocha": {
      "version": "7.0.1"
    },
    "mochawesome": {
      "options": {
        "quiet": false,
        "reportFilename": "mochawesome",
        "saveHtml": false,
        "saveJson": true,
        "consoleReporter": "spec",
        "useInlineDiffs": false,
        "code": true
      },
      "version": "7.1.3"
    },
    "marge": {
      "options": {
        "reportDir": "cypress/results",
        "overwrite": false,
        "html": false,
        "json": true
      },
      "version": "6.2.0"
    }
  }
}